2022-09-07 13:32:27,248 INFO PERFORMANCE:|0|0|-1|-1

2022-09-07 13:37:27,254 INFO PERFORMANCE:|3|3|2|1

2022-09-07 13:42:27,266 INFO PERFORMANCE:|3|3|-1|-1

2022-09-07 13:47:27,269 INFO PERFORMANCE:|3|3|-1|-1

2022-09-07 13:52:27,275 INFO PERFORMANCE:|3|3|-1|-1

2022-09-07 13:57:27,278 INFO PERFORMANCE:|3|3|-1|-1

2022-09-07 14:02:27,285 INFO PERFORMANCE:|3|3|-1|-1

2022-09-07 14:07:27,300 INFO PERFORMANCE:|3|3|-1|-1

2022-09-07 14:12:27,306 INFO PERFORMANCE:|3|3|-1|-1

2022-09-07 14:17:27,307 INFO PERFORMANCE:|3|3|-1|-1

2022-09-07 14:22:27,312 INFO PERFORMANCE:|3|3|-1|-1

2022-09-07 14:27:27,322 INFO PERFORMANCE:|3|3|-1|-1

2022-09-07 14:32:27,329 INFO PERFORMANCE:|3|3|-1|-1

2022-09-07 14:37:27,338 INFO PERFORMANCE:|3|3|-1|-1

2022-09-07 14:42:27,340 INFO PERFORMANCE:|3|3|-1|-1

2022-09-07 14:47:27,355 INFO PERFORMANCE:|3|3|-1|-1

2022-09-07 14:52:27,371 INFO PERFORMANCE:|3|3|-1|-1

2022-09-07 14:57:27,376 INFO PERFORMANCE:|3|3|-1|-1

2022-09-07 15:02:27,387 INFO PERFORMANCE:|3|3|-1|-1

2022-09-07 15:07:27,400 INFO PERFORMANCE:|3|3|-1|-1

2022-09-07 15:12:27,414 INFO PERFORMANCE:|3|3|-1|-1

2022-09-07 15:17:27,427 INFO PERFORMANCE:|3|3|-1|-1

2022-09-07 15:22:27,433 INFO PERFORMANCE:|3|3|-1|-1

2022-09-07 15:27:27,443 INFO PERFORMANCE:|3|3|-1|-1

2022-09-07 15:32:27,447 INFO PERFORMANCE:|3|3|-1|-1

2022-09-07 15:37:27,462 INFO PERFORMANCE:|3|3|-1|-1

2022-09-07 15:42:27,469 INFO PERFORMANCE:|3|3|-1|-1

2022-09-07 15:47:27,471 INFO PERFORMANCE:|3|3|-1|-1

2022-09-07 15:52:27,485 INFO PERFORMANCE:|3|3|-1|-1

2022-09-07 15:57:27,496 INFO PERFORMANCE:|3|3|-1|-1

2022-09-07 16:02:27,509 INFO PERFORMANCE:|3|3|-1|-1

2022-09-07 16:07:27,510 INFO PERFORMANCE:|3|3|-1|-1

2022-09-07 16:12:27,518 INFO PERFORMANCE:|3|3|-1|-1

2022-09-07 16:17:27,528 INFO PERFORMANCE:|3|3|-1|-1

2022-09-07 16:22:27,537 INFO PERFORMANCE:|3|3|-1|-1

2022-09-07 16:27:27,548 INFO PERFORMANCE:|3|3|-1|-1

2022-09-07 16:32:27,549 INFO PERFORMANCE:|3|3|-1|-1

2022-09-07 16:37:27,551 INFO PERFORMANCE:|3|3|-1|-1

2022-09-07 16:42:27,552 INFO PERFORMANCE:|3|3|-1|-1

2022-09-07 16:47:27,553 INFO PERFORMANCE:|3|3|-1|-1

2022-09-07 16:52:27,559 INFO PERFORMANCE:|3|3|-1|-1

2022-09-07 16:57:27,567 INFO PERFORMANCE:|3|3|-1|-1

2022-09-07 17:02:27,575 INFO PERFORMANCE:|3|3|-1|-1

2022-09-07 17:07:27,585 INFO PERFORMANCE:|3|3|-1|-1

2022-09-07 17:12:27,595 INFO PERFORMANCE:|3|3|-1|-1

2022-09-07 17:17:27,608 INFO PERFORMANCE:|3|3|-1|-1

2022-09-07 17:22:27,617 INFO PERFORMANCE:|3|3|-1|-1

2022-09-07 17:27:27,631 INFO PERFORMANCE:|3|3|-1|-1

2022-09-07 17:32:27,633 INFO PERFORMANCE:|3|3|-1|-1

2022-09-07 17:37:27,639 INFO PERFORMANCE:|3|3|-1|-1

2022-09-07 17:42:27,642 INFO PERFORMANCE:|3|3|-1|-1

2022-09-07 17:47:27,653 INFO PERFORMANCE:|3|3|-1|-1

2022-09-07 17:52:27,657 INFO PERFORMANCE:|3|3|-1|-1

2022-09-07 17:57:27,662 INFO PERFORMANCE:|3|3|-1|-1

2022-09-07 18:02:27,666 INFO PERFORMANCE:|3|3|-1|-1

2022-09-07 18:07:27,677 INFO PERFORMANCE:|3|3|-1|-1

2022-09-07 18:12:27,691 INFO PERFORMANCE:|3|3|-1|-1

2022-09-07 18:17:27,707 INFO PERFORMANCE:|3|3|-1|-1

2022-09-07 18:22:27,713 INFO PERFORMANCE:|3|3|-1|-1

2022-09-07 18:27:27,721 INFO PERFORMANCE:|3|3|-1|-1

2022-09-07 18:32:27,732 INFO PERFORMANCE:|3|3|-1|-1

2022-09-07 18:37:27,739 INFO PERFORMANCE:|3|3|-1|-1

2022-09-07 18:42:27,751 INFO PERFORMANCE:|3|3|-1|-1

2022-09-07 18:47:27,759 INFO PERFORMANCE:|3|3|-1|-1

2022-09-07 18:52:27,760 INFO PERFORMANCE:|3|3|-1|-1

2022-09-07 18:57:27,764 INFO PERFORMANCE:|3|3|-1|-1

2022-09-07 19:02:27,767 INFO PERFORMANCE:|3|3|-1|-1

2022-09-07 19:07:27,776 INFO PERFORMANCE:|3|3|-1|-1

2022-09-07 19:12:27,778 INFO PERFORMANCE:|3|3|-1|-1

2022-09-07 19:17:27,780 INFO PERFORMANCE:|3|3|-1|-1

2022-09-07 19:22:27,787 INFO PERFORMANCE:|3|3|-1|-1

2022-09-07 19:27:27,793 INFO PERFORMANCE:|3|3|-1|-1

2022-09-07 19:32:27,794 INFO PERFORMANCE:|3|3|-1|-1

2022-09-07 19:37:27,801 INFO PERFORMANCE:|3|3|-1|-1

2022-09-07 19:42:27,801 INFO PERFORMANCE:|3|3|-1|-1

2022-09-07 19:47:27,807 INFO PERFORMANCE:|3|3|-1|-1

2022-09-07 19:52:27,820 INFO PERFORMANCE:|3|3|-1|-1

2022-09-07 19:57:27,828 INFO PERFORMANCE:|3|3|-1|-1

2022-09-07 20:02:27,843 INFO PERFORMANCE:|3|3|-1|-1

2022-09-07 20:07:27,845 INFO PERFORMANCE:|3|3|-1|-1

2022-09-07 20:12:27,858 INFO PERFORMANCE:|3|3|-1|-1

2022-09-07 20:17:27,860 INFO PERFORMANCE:|3|3|-1|-1

2022-09-07 20:22:27,871 INFO PERFORMANCE:|3|3|-1|-1

2022-09-07 20:27:27,882 INFO PERFORMANCE:|3|3|-1|-1

2022-09-07 20:32:27,896 INFO PERFORMANCE:|3|3|-1|-1

2022-09-07 20:37:27,907 INFO PERFORMANCE:|3|3|-1|-1

2022-09-07 20:42:27,910 INFO PERFORMANCE:|3|3|-1|-1

2022-09-07 20:47:27,917 INFO PERFORMANCE:|3|3|-1|-1

2022-09-07 20:52:27,918 INFO PERFORMANCE:|3|3|-1|-1

2022-09-07 20:57:27,933 INFO PERFORMANCE:|3|3|-1|-1

2022-09-07 21:02:27,941 INFO PERFORMANCE:|4|4|-1|-1

2022-09-07 21:07:27,944 INFO PERFORMANCE:|4|4|-1|-1

2022-09-07 21:12:27,956 INFO PERFORMANCE:|4|4|-1|-1

2022-09-07 21:17:27,958 INFO PERFORMANCE:|4|4|-1|-1

2022-09-07 21:22:27,969 INFO PERFORMANCE:|3|3|-1|-1

2022-09-07 21:27:27,972 INFO PERFORMANCE:|3|3|-1|-1

2022-09-07 21:32:27,974 INFO PERFORMANCE:|4|4|3|3

2022-09-07 21:37:27,975 INFO PERFORMANCE:|4|4|-1|-1

2022-09-07 21:42:27,985 INFO PERFORMANCE:|4|4|-1|-1

